<?xml version="1.0" encoding="UTF-8"?>
<!-- Generated by org.testng.reporters.JUnitReportReporter -->
<testsuite hostname="XHLT0115" name="common.Tesing" tests="3" failures="0" timestamp="17 Nov 2016 12:53:07 GMT" time="30.676" errors="0">
  <testcase name="f" time="16.070" classname="common.Tesing"/>
  <testcase name="f" time="2.561" classname="common.Tesing"/>
  <testcase name="f" time="12.045" classname="common.Tesing"/>
</testsuite> <!-- common.Tesing -->
