<?xml version="1.0" encoding="UTF-8"?>
<!-- Generated by org.testng.reporters.JUnitReportReporter -->
<testsuite hostname="XHLT0115" name="test.Login1" tests="1" failures="0" timestamp="3 Oct 2018 10:04:54 GMT" time="0.013" errors="0">
  <testcase name="myTest" time="0.013" classname="test.Login1"/>
</testsuite> <!-- test.Login1 -->
