<?xml version="1.0" encoding="UTF-8"?>
<!-- Generated by org.testng.reporters.JUnitReportReporter -->
<testsuite hostname="XHLT0115" name="test.TestParallel" tests="4" failures="0" timestamp="16 Nov 2016 12:45:04 GMT" time="24.150" errors="0">
  <testcase name="test_01" time="2.988" classname="test.TestParallel"/>
  <testcase name="test_01" time="3.668" classname="test.TestParallel"/>
  <testcase name="test_01" time="3.905" classname="test.TestParallel"/>
  <testcase name="test_01" time="13.589" classname="test.TestParallel"/>
</testsuite> <!-- test.TestParallel -->
