<?xml version="1.0" encoding="UTF-8"?>
<!-- Generated by org.testng.reporters.JUnitReportReporter -->
<testsuite hostname="XHLT0115" name="test.Login" tests="1" failures="0" timestamp="3 Oct 2018 10:34:46 GMT" time="0.184" errors="0">
  <testcase name="pageTitle" time="0.184" classname="test.Login"/>
</testsuite> <!-- test.Login -->
